2022-10-17 23:14:29.599  INFO 16240 --- [restartedMain] com.dzyown.MicroLessonApplication        : Starting MicroLessonApplication using Java 1.8.0_161 on LAPTOP-EFLL195K with PID 16240 (F:\idealwork\micro-lesson\target\classes started by 董 in F:\idealwork\micro-lesson)
2022-10-17 23:14:29.607 DEBUG 16240 --- [restartedMain] com.dzyown.MicroLessonApplication        : Running with Spring Boot v2.4.4, Spring v5.3.5
2022-10-17 23:14:29.607  INFO 16240 --- [restartedMain] com.dzyown.MicroLessonApplication        : No active profile set, falling back to default profiles: default
2022-10-17 23:14:29.822  INFO 16240 --- [restartedMain] o.s.b.devtools.restart.ChangeableUrls    : The Class-Path manifest attribute in G:\Maven\repository\org\bytedeco\javacv\0.8\javacv-0.8.jar referenced one or more files that do not exist: file:/G:/Maven/repository/org/bytedeco/javacv/0.8/javacpp.jar,file:/G:/Maven/repository/org/bytedeco/javacv/0.8/opencv.jar,file:/G:/Maven/repository/org/bytedeco/javacv/0.8/ffmpeg.jar,file:/G:/Maven/repository/org/bytedeco/javacv/0.8/flycapture.jar,file:/G:/Maven/repository/org/bytedeco/javacv/0.8/libdc1394.jar,file:/G:/Maven/repository/org/bytedeco/javacv/0.8/libfreenect.jar,file:/G:/Maven/repository/org/bytedeco/javacv/0.8/videoinput.jar,file:/G:/Maven/repository/org/bytedeco/javacv/0.8/artoolkitplus.jar,file:/G:/Maven/repository/org/bytedeco/javacv/0.8/javacpp-0.8.jar,file:/G:/Maven/repository/org/bytedeco/javacv/0.8/opencv-2.4.9-0.8.jar,file:/G:/Maven/repository/org/bytedeco/javacv/0.8/ffmpeg-2.2.1-0.8.jar,file:/G:/Maven/repository/org/bytedeco/javacv/0.8/flycapture-1.7.17-0.8.jar,file:/G:/Maven/repository/org/bytedeco/javacv/0.8/libdc1394-2.2.2-0.8.jar,file:/G:/Maven/repository/org/bytedeco/javacv/0.8/libfreenect-0.4-0.8.jar,file:/G:/Maven/repository/org/bytedeco/javacv/0.8/videoinput-0.200-0.8.jar,file:/G:/Maven/repository/org/bytedeco/javacv/0.8/artoolkitplus-2.3.0-0.8.jar
2022-10-17 23:14:29.839  INFO 16240 --- [restartedMain] o.s.b.devtools.restart.ChangeableUrls    : The Class-Path manifest attribute in G:\Maven\repository\org\bytedeco\javacpp-presets\opencv\2.4.9-0.8\opencv-2.4.9-0.8.jar referenced one or more files that do not exist: file:/G:/Maven/repository/org/bytedeco/javacpp-presets/opencv/2.4.9-0.8/javacpp.jar,file:/G:/Maven/repository/org/bytedeco/javacpp-presets/opencv/2.4.9-0.8/opencv-linux-arm.jar,file:/G:/Maven/repository/org/bytedeco/javacpp-presets/opencv/2.4.9-0.8/opencv-linux-x86.jar,file:/G:/Maven/repository/org/bytedeco/javacpp-presets/opencv/2.4.9-0.8/opencv-linux-x86_64.jar,file:/G:/Maven/repository/org/bytedeco/javacpp-presets/opencv/2.4.9-0.8/opencv-macosx-x86.jar,file:/G:/Maven/repository/org/bytedeco/javacpp-presets/opencv/2.4.9-0.8/opencv-macosx-x86_64.jar,file:/G:/Maven/repository/org/bytedeco/javacpp-presets/opencv/2.4.9-0.8/opencv-windows-x86.jar,file:/G:/Maven/repository/org/bytedeco/javacpp-presets/opencv/2.4.9-0.8/opencv-windows-x86_64.jar,file:/G:/Maven/repository/org/bytedeco/javacpp-presets/opencv/2.4.9-0.8/javacpp-0.8.jar
2022-10-17 23:14:29.839  INFO 16240 --- [restartedMain] o.s.b.devtools.restart.ChangeableUrls    : The Class-Path manifest attribute in G:\Maven\repository\org\bytedeco\javacpp-presets\ffmpeg\2.2.1-0.8\ffmpeg-2.2.1-0.8.jar referenced one or more files that do not exist: file:/G:/Maven/repository/org/bytedeco/javacpp-presets/ffmpeg/2.2.1-0.8/javacpp.jar,file:/G:/Maven/repository/org/bytedeco/javacpp-presets/ffmpeg/2.2.1-0.8/ffmpeg-linux-arm.jar,file:/G:/Maven/repository/org/bytedeco/javacpp-presets/ffmpeg/2.2.1-0.8/ffmpeg-linux-x86.jar,file:/G:/Maven/repository/org/bytedeco/javacpp-presets/ffmpeg/2.2.1-0.8/ffmpeg-linux-x86_64.jar,file:/G:/Maven/repository/org/bytedeco/javacpp-presets/ffmpeg/2.2.1-0.8/ffmpeg-macosx-x86.jar,file:/G:/Maven/repository/org/bytedeco/javacpp-presets/ffmpeg/2.2.1-0.8/ffmpeg-macosx-x86_64.jar,file:/G:/Maven/repository/org/bytedeco/javacpp-presets/ffmpeg/2.2.1-0.8/ffmpeg-windows-x86.jar,file:/G:/Maven/repository/org/bytedeco/javacpp-presets/ffmpeg/2.2.1-0.8/ffmpeg-windows-x86_64.jar,file:/G:/Maven/repository/org/bytedeco/javacpp-presets/ffmpeg/2.2.1-0.8/javacpp-0.8.jar
2022-10-17 23:14:29.839  INFO 16240 --- [restartedMain] o.s.b.devtools.restart.ChangeableUrls    : The Class-Path manifest attribute in G:\Maven\repository\org\bytedeco\javacpp-presets\flycapture\1.7.17-0.8\flycapture-1.7.17-0.8.jar referenced one or more files that do not exist: file:/G:/Maven/repository/org/bytedeco/javacpp-presets/flycapture/1.7.17-0.8/javacpp.jar,file:/G:/Maven/repository/org/bytedeco/javacpp-presets/flycapture/1.7.17-0.8/flycapture-linux-arm.jar,file:/G:/Maven/repository/org/bytedeco/javacpp-presets/flycapture/1.7.17-0.8/flycapture-linux-x86.jar,file:/G:/Maven/repository/org/bytedeco/javacpp-presets/flycapture/1.7.17-0.8/flycapture-linux-x86_64.jar,file:/G:/Maven/repository/org/bytedeco/javacpp-presets/flycapture/1.7.17-0.8/flycapture-macosx-x86.jar,file:/G:/Maven/repository/org/bytedeco/javacpp-presets/flycapture/1.7.17-0.8/flycapture-macosx-x86_64.jar,file:/G:/Maven/repository/org/bytedeco/javacpp-presets/flycapture/1.7.17-0.8/flycapture-windows-x86.jar,file:/G:/Maven/repository/org/bytedeco/javacpp-presets/flycapture/1.7.17-0.8/flycapture-windows-x86_64.jar,file:/G:/Maven/repository/org/bytedeco/javacpp-presets/flycapture/1.7.17-0.8/javacpp-0.8.jar
2022-10-17 23:14:29.840  INFO 16240 --- [restartedMain] o.s.b.devtools.restart.ChangeableUrls    : The Class-Path manifest attribute in G:\Maven\repository\org\bytedeco\javacpp-presets\libdc1394\2.2.2-0.8\libdc1394-2.2.2-0.8.jar referenced one or more files that do not exist: file:/G:/Maven/repository/org/bytedeco/javacpp-presets/libdc1394/2.2.2-0.8/javacpp.jar,file:/G:/Maven/repository/org/bytedeco/javacpp-presets/libdc1394/2.2.2-0.8/libdc1394-linux-arm.jar,file:/G:/Maven/repository/org/bytedeco/javacpp-presets/libdc1394/2.2.2-0.8/libdc1394-linux-x86.jar,file:/G:/Maven/repository/org/bytedeco/javacpp-presets/libdc1394/2.2.2-0.8/libdc1394-linux-x86_64.jar,file:/G:/Maven/repository/org/bytedeco/javacpp-presets/libdc1394/2.2.2-0.8/libdc1394-macosx-x86.jar,file:/G:/Maven/repository/org/bytedeco/javacpp-presets/libdc1394/2.2.2-0.8/libdc1394-macosx-x86_64.jar,file:/G:/Maven/repository/org/bytedeco/javacpp-presets/libdc1394/2.2.2-0.8/libdc1394-windows-x86.jar,file:/G:/Maven/repository/org/bytedeco/javacpp-presets/libdc1394/2.2.2-0.8/libdc1394-windows-x86_64.jar,file:/G:/Maven/repository/org/bytedeco/javacpp-presets/libdc1394/2.2.2-0.8/javacpp-0.8.jar
2022-10-17 23:14:29.847  INFO 16240 --- [restartedMain] o.s.b.devtools.restart.ChangeableUrls    : The Class-Path manifest attribute in G:\Maven\repository\org\bytedeco\javacpp-presets\libfreenect\0.4-0.8\libfreenect-0.4-0.8.jar referenced one or more files that do not exist: file:/G:/Maven/repository/org/bytedeco/javacpp-presets/libfreenect/0.4-0.8/javacpp.jar,file:/G:/Maven/repository/org/bytedeco/javacpp-presets/libfreenect/0.4-0.8/libfreenect-linux-arm.jar,file:/G:/Maven/repository/org/bytedeco/javacpp-presets/libfreenect/0.4-0.8/libfreenect-linux-x86.jar,file:/G:/Maven/repository/org/bytedeco/javacpp-presets/libfreenect/0.4-0.8/libfreenect-linux-x86_64.jar,file:/G:/Maven/repository/org/bytedeco/javacpp-presets/libfreenect/0.4-0.8/libfreenect-macosx-x86.jar,file:/G:/Maven/repository/org/bytedeco/javacpp-presets/libfreenect/0.4-0.8/libfreenect-macosx-x86_64.jar,file:/G:/Maven/repository/org/bytedeco/javacpp-presets/libfreenect/0.4-0.8/libfreenect-windows-x86.jar,file:/G:/Maven/repository/org/bytedeco/javacpp-presets/libfreenect/0.4-0.8/libfreenect-windows-x86_64.jar,file:/G:/Maven/repository/org/bytedeco/javacpp-presets/libfreenect/0.4-0.8/javacpp-0.8.jar
2022-10-17 23:14:29.847  INFO 16240 --- [restartedMain] o.s.b.devtools.restart.ChangeableUrls    : The Class-Path manifest attribute in G:\Maven\repository\org\bytedeco\javacpp-presets\videoinput\0.200-0.8\videoinput-0.200-0.8.jar referenced one or more files that do not exist: file:/G:/Maven/repository/org/bytedeco/javacpp-presets/videoinput/0.200-0.8/javacpp.jar,file:/G:/Maven/repository/org/bytedeco/javacpp-presets/videoinput/0.200-0.8/videoinput-linux-arm.jar,file:/G:/Maven/repository/org/bytedeco/javacpp-presets/videoinput/0.200-0.8/videoinput-linux-x86.jar,file:/G:/Maven/repository/org/bytedeco/javacpp-presets/videoinput/0.200-0.8/videoinput-linux-x86_64.jar,file:/G:/Maven/repository/org/bytedeco/javacpp-presets/videoinput/0.200-0.8/videoinput-macosx-x86.jar,file:/G:/Maven/repository/org/bytedeco/javacpp-presets/videoinput/0.200-0.8/videoinput-macosx-x86_64.jar,file:/G:/Maven/repository/org/bytedeco/javacpp-presets/videoinput/0.200-0.8/videoinput-windows-x86.jar,file:/G:/Maven/repository/org/bytedeco/javacpp-presets/videoinput/0.200-0.8/videoinput-windows-x86_64.jar,file:/G:/Maven/repository/org/bytedeco/javacpp-presets/videoinput/0.200-0.8/javacpp-0.8.jar
2022-10-17 23:14:29.848  INFO 16240 --- [restartedMain] o.s.b.devtools.restart.ChangeableUrls    : The Class-Path manifest attribute in G:\Maven\repository\org\bytedeco\javacpp-presets\artoolkitplus\2.3.0-0.8\artoolkitplus-2.3.0-0.8.jar referenced one or more files that do not exist: file:/G:/Maven/repository/org/bytedeco/javacpp-presets/artoolkitplus/2.3.0-0.8/javacpp.jar,file:/G:/Maven/repository/org/bytedeco/javacpp-presets/artoolkitplus/2.3.0-0.8/artoolkitplus-linux-arm.jar,file:/G:/Maven/repository/org/bytedeco/javacpp-presets/artoolkitplus/2.3.0-0.8/artoolkitplus-linux-x86.jar,file:/G:/Maven/repository/org/bytedeco/javacpp-presets/artoolkitplus/2.3.0-0.8/artoolkitplus-linux-x86_64.jar,file:/G:/Maven/repository/org/bytedeco/javacpp-presets/artoolkitplus/2.3.0-0.8/artoolkitplus-macosx-x86.jar,file:/G:/Maven/repository/org/bytedeco/javacpp-presets/artoolkitplus/2.3.0-0.8/artoolkitplus-macosx-x86_64.jar,file:/G:/Maven/repository/org/bytedeco/javacpp-presets/artoolkitplus/2.3.0-0.8/artoolkitplus-windows-x86.jar,file:/G:/Maven/repository/org/bytedeco/javacpp-presets/artoolkitplus/2.3.0-0.8/artoolkitplus-windows-x86_64.jar,file:/G:/Maven/repository/org/bytedeco/javacpp-presets/artoolkitplus/2.3.0-0.8/javacpp-0.8.jar
2022-10-17 23:14:29.848  INFO 16240 --- [restartedMain] .e.DevToolsPropertyDefaultsPostProcessor : Devtools property defaults active! Set 'spring.devtools.add-properties' to 'false' to disable
2022-10-17 23:14:29.848  INFO 16240 --- [restartedMain] .e.DevToolsPropertyDefaultsPostProcessor : For additional web related logging consider setting the 'logging.level.web' property to 'DEBUG'
2022-10-17 23:14:33.499  INFO 16240 --- [restartedMain] o.s.b.w.embedded.tomcat.TomcatWebServer  : Tomcat initialized with port(s): 9898 (http)
2022-10-17 23:14:33.520  INFO 16240 --- [restartedMain] o.apache.catalina.core.StandardService   : Starting service [Tomcat]
2022-10-17 23:14:33.521  INFO 16240 --- [restartedMain] org.apache.catalina.core.StandardEngine  : Starting Servlet engine: [Apache Tomcat/9.0.44]
2022-10-17 23:14:33.532  INFO 16240 --- [restartedMain] o.a.catalina.core.AprLifecycleListener   : Loaded Apache Tomcat Native library [1.2.23] using APR version [1.7.0].
2022-10-17 23:14:33.532  INFO 16240 --- [restartedMain] o.a.catalina.core.AprLifecycleListener   : APR capabilities: IPv6 [true], sendfile [true], accept filters [false], random [true].
2022-10-17 23:14:33.532  INFO 16240 --- [restartedMain] o.a.catalina.core.AprLifecycleListener   : APR/OpenSSL configuration: useAprConnector [false], useOpenSSL [true]
2022-10-17 23:14:33.584  INFO 16240 --- [restartedMain] o.a.catalina.core.AprLifecycleListener   : OpenSSL successfully initialized [OpenSSL 1.1.1c  28 May 2019]
2022-10-17 23:14:33.705  INFO 16240 --- [restartedMain] o.a.c.c.C.[Tomcat].[localhost].[/]       : Initializing Spring embedded WebApplicationContext
2022-10-17 23:14:33.706  INFO 16240 --- [restartedMain] w.s.c.ServletWebServerApplicationContext : Root WebApplicationContext: initialization completed in 3855 ms
2022-10-17 23:14:35.442  INFO 16240 --- [restartedMain] o.s.s.web.DefaultSecurityFilterChain     : Will secure any request with [org.springframework.security.web.context.request.async.WebAsyncManagerIntegrationFilter@184ea299, org.springframework.security.web.context.SecurityContextPersistenceFilter@e68aa53, org.springframework.security.web.header.HeaderWriterFilter@2258db4f, org.springframework.security.web.authentication.logout.LogoutFilter@2eb8b2ff, org.springframework.security.web.savedrequest.RequestCacheAwareFilter@1e8963f2, org.springframework.security.web.servletapi.SecurityContextHolderAwareRequestFilter@7c0ca678, org.springframework.security.web.authentication.rememberme.RememberMeAuthenticationFilter@176c34d8, org.springframework.security.web.authentication.AnonymousAuthenticationFilter@7f3b7f95, org.springframework.security.web.session.SessionManagementFilter@62872cb, org.springframework.security.web.access.ExceptionTranslationFilter@19fd91e3, org.springframework.security.web.access.intercept.FilterSecurityInterceptor@20346b17]
2022-10-17 23:14:35.705  INFO 16240 --- [restartedMain] o.s.s.concurrent.ThreadPoolTaskExecutor  : Initializing ExecutorService 'applicationTaskExecutor'
2022-10-17 23:14:36.595  INFO 16240 --- [restartedMain] o.s.b.d.a.OptionalLiveReloadServer       : LiveReload server is running on port 35729
2022-10-17 23:14:36.646  INFO 16240 --- [restartedMain] o.s.b.w.embedded.tomcat.TomcatWebServer  : Tomcat started on port(s): 9898 (http) with context path ''
2022-10-17 23:14:36.659  INFO 16240 --- [restartedMain] com.dzyown.MicroLessonApplication        : Started MicroLessonApplication in 8.085 seconds (JVM running for 10.127)
2022-10-17 23:15:04.663  INFO 16240 --- [http-nio-9898-exec-1] o.a.c.c.C.[Tomcat].[localhost].[/]       : Initializing Spring DispatcherServlet 'dispatcherServlet'
2022-10-17 23:15:04.664  INFO 16240 --- [http-nio-9898-exec-1] o.s.web.servlet.DispatcherServlet        : Initializing Servlet 'dispatcherServlet'
2022-10-17 23:15:04.666  INFO 16240 --- [http-nio-9898-exec-1] o.s.web.servlet.DispatcherServlet        : Completed initialization in 1 ms
2022-10-17 23:15:25.208  INFO 16240 --- [http-nio-9898-exec-1] com.alibaba.druid.pool.DruidDataSource   : {dataSource-1} inited
2022-10-17 23:15:25.218 DEBUG 16240 --- [http-nio-9898-exec-1] com.dzyown.dao.UserDao.getUserByEmail    : ==>  Preparing: select * from micro.ml_user where email = ? and password = ? and del = 0; 
2022-10-17 23:15:25.497 DEBUG 16240 --- [http-nio-9898-exec-1] com.dzyown.dao.UserDao.getUserByEmail    : ==> Parameters: 1327293674@qq.com(String), 123(String)
2022-10-17 23:15:25.789 DEBUG 16240 --- [http-nio-9898-exec-1] com.dzyown.dao.UserDao.getUserByEmail    : <==      Total: 1
2022-10-17 23:15:34.708 DEBUG 16240 --- [http-nio-9898-exec-7] com.dzyown.dao.CourseDao.getAllCourse    : ==>  Preparing: select * from micro.ml_course where del = 0 and upload_id = ? ; 
2022-10-17 23:15:34.711 DEBUG 16240 --- [http-nio-9898-exec-7] com.dzyown.dao.CourseDao.getAllCourse    : ==> Parameters: 3(Integer)
2022-10-17 23:15:34.782 DEBUG 16240 --- [http-nio-9898-exec-7] com.dzyown.dao.CourseDao.getAllCourse    : <==      Total: 2
2022-10-17 23:15:35.949 DEBUG 16240 --- [http-nio-9898-exec-6] com.dzyown.dao.CourseDao.getAllCourse    : ==>  Preparing: select * from micro.ml_course where del = 0 and upload_id = ? ; 
2022-10-17 23:15:35.950 DEBUG 16240 --- [http-nio-9898-exec-6] com.dzyown.dao.CourseDao.getAllCourse    : ==> Parameters: 3(Integer)
2022-10-17 23:15:35.993 DEBUG 16240 --- [http-nio-9898-exec-6] com.dzyown.dao.CourseDao.getAllCourse    : <==      Total: 2
2022-10-17 23:16:55.589 DEBUG 16240 --- [http-nio-9898-exec-9] com.dzyown.dao.UserDao.getUserByEmail    : ==>  Preparing: select * from micro.ml_user where email = ? and password = ? and del = 0; 
2022-10-17 23:16:55.590 DEBUG 16240 --- [http-nio-9898-exec-9] com.dzyown.dao.UserDao.getUserByEmail    : ==> Parameters: 1327293674@qq.com(String), 123(String)
2022-10-17 23:16:55.597 DEBUG 16240 --- [http-nio-9898-exec-9] com.dzyown.dao.UserDao.getUserByEmail    : <==      Total: 1
2022-10-17 23:16:59.597 DEBUG 16240 --- [http-nio-9898-exec-9] com.dzyown.dao.CourseDao.getAllCourse    : ==>  Preparing: select * from micro.ml_course where del = 0 and permission = 1 order by studying_count DESC limit 0,8 
2022-10-17 23:16:59.606 DEBUG 16240 --- [http-nio-9898-exec-9] com.dzyown.dao.CourseDao.getAllCourse    : ==> Parameters: 
2022-10-17 23:16:59.738 DEBUG 16240 --- [http-nio-9898-exec-9] com.dzyown.dao.CourseDao.getAllCourse    : <==      Total: 8
2022-10-17 23:17:31.935 DEBUG 16240 --- [http-nio-9898-exec-8] c.dzyown.dao.CourseDao.getMyLearnCourse  : ==>  Preparing: select ml_course.* ,ml_my_course.id as learn_id ,ml_my_course.start_time from micro.ml_course ,micro.ml_my_course where ml_course.del = 0 and ml_course.permission = 1 and ml_my_course.del =0 and ml_my_course.user_id = ? and ml_my_course.course_id = ml_course.id order by start_time DESC ; 
2022-10-17 23:17:31.940 DEBUG 16240 --- [http-nio-9898-exec-8] c.dzyown.dao.CourseDao.getMyLearnCourse  : ==> Parameters: 3(Integer)
2022-10-17 23:17:32.060 DEBUG 16240 --- [http-nio-9898-exec-8] c.dzyown.dao.CourseDao.getMyLearnCourse  : <==      Total: 4
2022-10-17 23:17:32.077 DEBUG 16240 --- [http-nio-9898-exec-10] c.dzyown.dao.CourseDao.getCourseByType   : ==>  Preparing: select * from micro.ml_course where del = 0 and permission = 1 AND type = ? order by studying_count DESC; 
2022-10-17 23:17:32.078 DEBUG 16240 --- [http-nio-9898-exec-10] c.dzyown.dao.CourseDao.getCourseByType   : ==> Parameters: 艺术(String)
2022-10-17 23:17:32.081 DEBUG 16240 --- [http-nio-9898-exec-10] c.dzyown.dao.CourseDao.getCourseByType   : <==      Total: 2
2022-10-17 23:17:32.082 DEBUG 16240 --- [http-nio-9898-exec-10] c.dzyown.dao.CourseDao.checkLearnCourse  : ==>  Preparing: select * from micro.ml_my_course where user_id = ? AND course_ID = ? and del =0; 
2022-10-17 23:17:32.083 DEBUG 16240 --- [http-nio-9898-exec-10] c.dzyown.dao.CourseDao.checkLearnCourse  : ==> Parameters: 3(Integer), 51(Integer)
2022-10-17 23:17:32.085 DEBUG 16240 --- [http-nio-9898-exec-10] c.dzyown.dao.CourseDao.checkLearnCourse  : <==      Total: 1
2022-10-17 23:17:32.086 DEBUG 16240 --- [http-nio-9898-exec-10] c.dzyown.dao.CourseDao.checkLearnCourse  : ==>  Preparing: select * from micro.ml_my_course where user_id = ? AND course_ID = ? and del =0; 
2022-10-17 23:17:32.086 DEBUG 16240 --- [http-nio-9898-exec-10] c.dzyown.dao.CourseDao.checkLearnCourse  : ==> Parameters: 3(Integer), 55(Integer)
2022-10-17 23:17:32.087 DEBUG 16240 --- [http-nio-9898-exec-10] c.dzyown.dao.CourseDao.checkLearnCourse  : <==      Total: 0
2022-10-17 23:17:34.584 DEBUG 16240 --- [http-nio-9898-exec-10] c.d.dao.NoteDao.getAllNotesByCourse      : ==>  Preparing: select ml_note.*,ml_user.username from micro.ml_note , micro.ml_user where ml_note.del = 0 and user_id = ml_user.id and user_id = ? and course_id = ? order by id DESC limit 0,25; 
2022-10-17 23:17:34.590 DEBUG 16240 --- [http-nio-9898-exec-10] c.d.dao.NoteDao.getAllNotesByCourse      : ==> Parameters: 3(Integer), 51(Integer)
2022-10-17 23:17:34.622 DEBUG 16240 --- [http-nio-9898-exec-4] com.dzyown.dao.CourseDao.getOneCourse    : ==>  Preparing: select * from micro.ml_course where id = ? and del = 0 ; 
2022-10-17 23:17:34.623 DEBUG 16240 --- [http-nio-9898-exec-4] com.dzyown.dao.CourseDao.getOneCourse    : ==> Parameters: 51(Integer)
2022-10-17 23:17:34.628 DEBUG 16240 --- [http-nio-9898-exec-9] c.d.dao.RemarkDao.getAllNotesByRemark    : ==>  Preparing: select micro.ml_remark.*,ml_user.username ,if(ml_remark.user_id =3,1,0) as me from micro.ml_remark , micro.ml_user where ml_remark.del = 0 and user_id = ml_user.id and course_id = ? order by id DESC limit 0,50; 
2022-10-17 23:17:34.641 DEBUG 16240 --- [http-nio-9898-exec-10] c.d.dao.NoteDao.getAllNotesByCourse      : <==      Total: 4
2022-10-17 23:17:34.653 DEBUG 16240 --- [http-nio-9898-exec-7] c.d.dao.NoteDao.getAllNotesByCourse      : ==>  Preparing: SELECT ml_note.*,ml_note_collect.user_id as collect,ml_user.username FROM ml_note LEFT JOIN ml_user on ml_user.id = ml_note.user_id LEFT JOIN ml_note_collect on ml_note_collect.note_id = ml_note.id and ml_note_collect.del =0 and ml_note_collect.user_id = ? where course_id = ? and ml_note.del =0 LIMIT 25 
2022-10-17 23:17:34.654 DEBUG 16240 --- [http-nio-9898-exec-9] c.d.dao.RemarkDao.getAllNotesByRemark    : ==> Parameters: 51(Integer)
2022-10-17 23:17:34.655 DEBUG 16240 --- [http-nio-9898-exec-7] c.d.dao.NoteDao.getAllNotesByCourse      : ==> Parameters: 3(Integer), 51(Integer)
2022-10-17 23:17:34.657 DEBUG 16240 --- [http-nio-9898-exec-2] c.dzyown.dao.CourseTrainDao.getAllTrain  : ==>  Preparing: select * from micro.ml_course_train where del = 0 AND course_id = ?; 
2022-10-17 23:17:34.658 DEBUG 16240 --- [http-nio-9898-exec-2] c.dzyown.dao.CourseTrainDao.getAllTrain  : ==> Parameters: 51(Integer)
2022-10-17 23:17:34.671 DEBUG 16240 --- [http-nio-9898-exec-4] com.dzyown.dao.CourseDao.getOneCourse    : <==      Total: 1
2022-10-17 23:17:34.672 DEBUG 16240 --- [http-nio-9898-exec-4] com.dzyown.dao.CourseDao.addOneStudy     : ==>  Preparing: update micro.ml_course set studying_count = studying_count + 1 where id = ? 
2022-10-17 23:17:34.752 DEBUG 16240 --- [http-nio-9898-exec-4] com.dzyown.dao.CourseDao.addOneStudy     : ==> Parameters: 51(Integer)
2022-10-17 23:17:34.822 DEBUG 16240 --- [http-nio-9898-exec-2] c.dzyown.dao.CourseTrainDao.getAllTrain  : <==      Total: 3
2022-10-17 23:17:34.825 DEBUG 16240 --- [http-nio-9898-exec-9] c.d.dao.RemarkDao.getAllNotesByRemark    : <==      Total: 8
2022-10-17 23:17:34.852 DEBUG 16240 --- [http-nio-9898-exec-7] c.d.dao.NoteDao.getAllNotesByCourse      : <==      Total: 6
2022-10-17 23:17:34.984 DEBUG 16240 --- [http-nio-9898-exec-4] com.dzyown.dao.CourseDao.addOneStudy     : <==    Updates: 1
2022-10-17 23:17:53.319 DEBUG 16240 --- [http-nio-9898-exec-1] c.dzyown.dao.CourseDao.getMyLearnCourse  : ==>  Preparing: select ml_course.* ,ml_my_course.id as learn_id ,ml_my_course.start_time from micro.ml_course ,micro.ml_my_course where ml_course.del = 0 and ml_course.permission = 1 and ml_my_course.del =0 and ml_my_course.user_id = ? and ml_my_course.course_id = ml_course.id order by start_time DESC ; 
2022-10-17 23:17:53.321 DEBUG 16240 --- [http-nio-9898-exec-1] c.dzyown.dao.CourseDao.getMyLearnCourse  : ==> Parameters: 3(Integer)
2022-10-17 23:17:53.329 DEBUG 16240 --- [http-nio-9898-exec-1] c.dzyown.dao.CourseDao.getMyLearnCourse  : <==      Total: 4
2022-10-17 23:17:53.345 DEBUG 16240 --- [http-nio-9898-exec-8] c.dzyown.dao.CourseDao.getCourseByType   : ==>  Preparing: select * from micro.ml_course where del = 0 and permission = 1 AND type = ? order by studying_count DESC; 
2022-10-17 23:17:53.346 DEBUG 16240 --- [http-nio-9898-exec-8] c.dzyown.dao.CourseDao.getCourseByType   : ==> Parameters: 艺术(String)
2022-10-17 23:17:53.349 DEBUG 16240 --- [http-nio-9898-exec-8] c.dzyown.dao.CourseDao.getCourseByType   : <==      Total: 2
2022-10-17 23:17:53.350 DEBUG 16240 --- [http-nio-9898-exec-8] c.dzyown.dao.CourseDao.checkLearnCourse  : ==>  Preparing: select * from micro.ml_my_course where user_id = ? AND course_ID = ? and del =0; 
2022-10-17 23:17:53.351 DEBUG 16240 --- [http-nio-9898-exec-8] c.dzyown.dao.CourseDao.checkLearnCourse  : ==> Parameters: 3(Integer), 51(Integer)
2022-10-17 23:17:53.353 DEBUG 16240 --- [http-nio-9898-exec-8] c.dzyown.dao.CourseDao.checkLearnCourse  : <==      Total: 1
2022-10-17 23:17:53.354 DEBUG 16240 --- [http-nio-9898-exec-8] c.dzyown.dao.CourseDao.checkLearnCourse  : ==>  Preparing: select * from micro.ml_my_course where user_id = ? AND course_ID = ? and del =0; 
2022-10-17 23:17:53.356 DEBUG 16240 --- [http-nio-9898-exec-8] c.dzyown.dao.CourseDao.checkLearnCourse  : ==> Parameters: 3(Integer), 55(Integer)
2022-10-17 23:17:53.357 DEBUG 16240 --- [http-nio-9898-exec-8] c.dzyown.dao.CourseDao.checkLearnCourse  : <==      Total: 0
2022-10-17 23:17:55.312 DEBUG 16240 --- [http-nio-9898-exec-10] com.dzyown.dao.CourseDao.getAllCourse    : ==>  Preparing: select * from micro.ml_course where del = 0 and permission = 1 order by studying_count DESC limit 0,8 
2022-10-17 23:17:55.313 DEBUG 16240 --- [http-nio-9898-exec-10] com.dzyown.dao.CourseDao.getAllCourse    : ==> Parameters: 
2022-10-17 23:17:55.317 DEBUG 16240 --- [http-nio-9898-exec-10] com.dzyown.dao.CourseDao.getAllCourse    : <==      Total: 8
2022-10-17 23:17:59.498 DEBUG 16240 --- [http-nio-9898-exec-8] com.dzyown.dao.CourseDao.chartCourse     : ==>  Preparing: select ml_course.type as name, sum(studying_count) as value from ml_course group by ml_course.type 
2022-10-17 23:17:59.500 DEBUG 16240 --- [http-nio-9898-exec-8] com.dzyown.dao.CourseDao.chartCourse     : ==> Parameters: 
2022-10-17 23:17:59.504 DEBUG 16240 --- [http-nio-9898-exec-4] c.dzyown.dao.CourseDao.chartLearnCourse  : ==>  Preparing: select ml_my_course.memo as time , COUNT(memo) as value from ml_my_course where user_id=? group by ml_my_course.memo ORDER BY memo DESC limit 5 
2022-10-17 23:17:59.506 DEBUG 16240 --- [http-nio-9898-exec-4] c.dzyown.dao.CourseDao.chartLearnCourse  : ==> Parameters: 3(Integer)
2022-10-17 23:17:59.634 DEBUG 16240 --- [http-nio-9898-exec-4] c.dzyown.dao.CourseDao.chartLearnCourse  : <==      Total: 5
2022-10-17 23:17:59.637 DEBUG 16240 --- [http-nio-9898-exec-8] com.dzyown.dao.CourseDao.chartCourse     : <==      Total: 8
2022-10-17 23:18:03.422 DEBUG 16240 --- [http-nio-9898-exec-8] com.dzyown.dao.UserDao.getUserById       : ==>  Preparing: select * from micro.ml_user where id = ? and del = 0 ; 
2022-10-17 23:18:03.424 DEBUG 16240 --- [http-nio-9898-exec-8] com.dzyown.dao.UserDao.getUserById       : ==> Parameters: 3(Integer)
2022-10-17 23:18:03.427 DEBUG 16240 --- [http-nio-9898-exec-8] com.dzyown.dao.UserDao.getUserById       : <==      Total: 1
2022-10-17 23:18:06.998 DEBUG 16240 --- [http-nio-9898-exec-4] c.dzyown.dao.CourseDao.getMyLearnCourse  : ==>  Preparing: select ml_course.* ,ml_my_course.id as learn_id ,ml_my_course.start_time from micro.ml_course ,micro.ml_my_course where ml_course.del = 0 and ml_course.permission = 1 and ml_my_course.del =0 and ml_my_course.user_id = ? and ml_my_course.course_id = ml_course.id order by start_time DESC ; 
2022-10-17 23:18:06.998 DEBUG 16240 --- [http-nio-9898-exec-4] c.dzyown.dao.CourseDao.getMyLearnCourse  : ==> Parameters: 3(Integer)
2022-10-17 23:18:07.003 DEBUG 16240 --- [http-nio-9898-exec-4] c.dzyown.dao.CourseDao.getMyLearnCourse  : <==      Total: 4
2022-10-17 23:18:07.024 DEBUG 16240 --- [http-nio-9898-exec-5] c.dzyown.dao.CourseDao.getCourseByType   : ==>  Preparing: select * from micro.ml_course where del = 0 and permission = 1 AND type = ? order by studying_count DESC; 
2022-10-17 23:18:07.024 DEBUG 16240 --- [http-nio-9898-exec-5] c.dzyown.dao.CourseDao.getCourseByType   : ==> Parameters: 艺术(String)
2022-10-17 23:18:07.026 DEBUG 16240 --- [http-nio-9898-exec-5] c.dzyown.dao.CourseDao.getCourseByType   : <==      Total: 2
2022-10-17 23:18:07.027 DEBUG 16240 --- [http-nio-9898-exec-5] c.dzyown.dao.CourseDao.checkLearnCourse  : ==>  Preparing: select * from micro.ml_my_course where user_id = ? AND course_ID = ? and del =0; 
2022-10-17 23:18:07.028 DEBUG 16240 --- [http-nio-9898-exec-5] c.dzyown.dao.CourseDao.checkLearnCourse  : ==> Parameters: 3(Integer), 51(Integer)
2022-10-17 23:18:07.030 DEBUG 16240 --- [http-nio-9898-exec-5] c.dzyown.dao.CourseDao.checkLearnCourse  : <==      Total: 1
2022-10-17 23:18:07.030 DEBUG 16240 --- [http-nio-9898-exec-5] c.dzyown.dao.CourseDao.checkLearnCourse  : ==>  Preparing: select * from micro.ml_my_course where user_id = ? AND course_ID = ? and del =0; 
2022-10-17 23:18:07.031 DEBUG 16240 --- [http-nio-9898-exec-5] c.dzyown.dao.CourseDao.checkLearnCourse  : ==> Parameters: 3(Integer), 55(Integer)
2022-10-17 23:18:07.032 DEBUG 16240 --- [http-nio-9898-exec-5] c.dzyown.dao.CourseDao.checkLearnCourse  : <==      Total: 0
2022-10-17 23:18:09.514 DEBUG 16240 --- [http-nio-9898-exec-6] com.dzyown.dao.CourseDao.getAllCourse    : ==>  Preparing: select * from micro.ml_course where del = 0 and permission = 1 order by studying_count DESC limit 0,8 
2022-10-17 23:18:09.514 DEBUG 16240 --- [http-nio-9898-exec-6] com.dzyown.dao.CourseDao.getAllCourse    : ==> Parameters: 
2022-10-17 23:18:09.521 DEBUG 16240 --- [http-nio-9898-exec-6] com.dzyown.dao.CourseDao.getAllCourse    : <==      Total: 8
2022-10-17 23:18:10.980 DEBUG 16240 --- [http-nio-9898-exec-8] c.dzyown.dao.CourseDao.getMyLearnCourse  : ==>  Preparing: select ml_course.* ,ml_my_course.id as learn_id ,ml_my_course.start_time from micro.ml_course ,micro.ml_my_course where ml_course.del = 0 and ml_course.permission = 1 and ml_my_course.del =0 and ml_my_course.user_id = ? and ml_my_course.course_id = ml_course.id order by start_time DESC ; 
2022-10-17 23:18:10.980 DEBUG 16240 --- [http-nio-9898-exec-8] c.dzyown.dao.CourseDao.getMyLearnCourse  : ==> Parameters: 3(Integer)
2022-10-17 23:18:10.984 DEBUG 16240 --- [http-nio-9898-exec-8] c.dzyown.dao.CourseDao.getMyLearnCourse  : <==      Total: 4
2022-10-17 23:18:10.997 DEBUG 16240 --- [http-nio-9898-exec-2] c.dzyown.dao.CourseDao.getCourseByType   : ==>  Preparing: select * from micro.ml_course where del = 0 and permission = 1 AND type = ? order by studying_count DESC; 
2022-10-17 23:18:10.998 DEBUG 16240 --- [http-nio-9898-exec-2] c.dzyown.dao.CourseDao.getCourseByType   : ==> Parameters: 艺术(String)
2022-10-17 23:18:11.000 DEBUG 16240 --- [http-nio-9898-exec-2] c.dzyown.dao.CourseDao.getCourseByType   : <==      Total: 2
2022-10-17 23:18:11.001 DEBUG 16240 --- [http-nio-9898-exec-2] c.dzyown.dao.CourseDao.checkLearnCourse  : ==>  Preparing: select * from micro.ml_my_course where user_id = ? AND course_ID = ? and del =0; 
2022-10-17 23:18:11.002 DEBUG 16240 --- [http-nio-9898-exec-2] c.dzyown.dao.CourseDao.checkLearnCourse  : ==> Parameters: 3(Integer), 51(Integer)
2022-10-17 23:18:11.003 DEBUG 16240 --- [http-nio-9898-exec-2] c.dzyown.dao.CourseDao.checkLearnCourse  : <==      Total: 1
2022-10-17 23:18:11.004 DEBUG 16240 --- [http-nio-9898-exec-2] c.dzyown.dao.CourseDao.checkLearnCourse  : ==>  Preparing: select * from micro.ml_my_course where user_id = ? AND course_ID = ? and del =0; 
2022-10-17 23:18:11.005 DEBUG 16240 --- [http-nio-9898-exec-2] c.dzyown.dao.CourseDao.checkLearnCourse  : ==> Parameters: 3(Integer), 55(Integer)
2022-10-17 23:18:11.006 DEBUG 16240 --- [http-nio-9898-exec-2] c.dzyown.dao.CourseDao.checkLearnCourse  : <==      Total: 0
2022-10-17 23:18:12.802 DEBUG 16240 --- [http-nio-9898-exec-9] com.dzyown.dao.CourseDao.getAllCourse    : ==>  Preparing: select * from micro.ml_course where del = 0 and permission = 1 order by studying_count DESC limit 0,8 
2022-10-17 23:18:12.802 DEBUG 16240 --- [http-nio-9898-exec-9] com.dzyown.dao.CourseDao.getAllCourse    : ==> Parameters: 
2022-10-17 23:18:12.805 DEBUG 16240 --- [http-nio-9898-exec-9] com.dzyown.dao.CourseDao.getAllCourse    : <==      Total: 8
2022-10-17 23:18:27.033 DEBUG 16240 --- [http-nio-9898-exec-5] com.dzyown.dao.CourseDao.getAllCourse    : ==>  Preparing: select * from micro.ml_course where del = 0 and permission = 1 and id in (select id from micro.ml_course where title like CONCAT( '%',? ,'%') or author like CONCAT( '%',? ,'%') or school like CONCAT( '%',? ,'%') ) 
2022-10-17 23:18:27.038 DEBUG 16240 --- [http-nio-9898-exec-5] com.dzyown.dao.CourseDao.getAllCourse    : ==> Parameters: 湖南(String), 湖南(String), 湖南(String)
2022-10-17 23:18:27.127 DEBUG 16240 --- [http-nio-9898-exec-5] com.dzyown.dao.CourseDao.getAllCourse    : <==      Total: 13
2022-10-17 23:18:38.093 DEBUG 16240 --- [http-nio-9898-exec-2] com.dzyown.dao.CourseDao.getAllCourse    : ==>  Preparing: select * from micro.ml_course where del = 0 and permission = 1 and id in (select id from micro.ml_course where title like CONCAT( '%',? ,'%') or author like CONCAT( '%',? ,'%') or school like CONCAT( '%',? ,'%') ) 
2022-10-17 23:18:38.093 DEBUG 16240 --- [http-nio-9898-exec-2] com.dzyown.dao.CourseDao.getAllCourse    : ==> Parameters: 316(String), 316(String), 316(String)
2022-10-17 23:18:38.097 DEBUG 16240 --- [http-nio-9898-exec-2] com.dzyown.dao.CourseDao.getAllCourse    : <==      Total: 4
2022-10-17 23:18:39.663 DEBUG 16240 --- [http-nio-9898-exec-2] c.d.dao.NoteDao.getAllNotesByCourse      : ==>  Preparing: select ml_note.*,ml_user.username from micro.ml_note , micro.ml_user where ml_note.del = 0 and user_id = ml_user.id and user_id = ? and course_id = ? order by id DESC limit 0,25; 
2022-10-17 23:18:39.663 DEBUG 16240 --- [http-nio-9898-exec-5] c.d.dao.NoteDao.getAllNotesByCourse      : ==>  Preparing: SELECT ml_note.*,ml_note_collect.user_id as collect,ml_user.username FROM ml_note LEFT JOIN ml_user on ml_user.id = ml_note.user_id LEFT JOIN ml_note_collect on ml_note_collect.note_id = ml_note.id and ml_note_collect.del =0 and ml_note_collect.user_id = ? where course_id = ? and ml_note.del =0 LIMIT 25 
2022-10-17 23:18:39.663 DEBUG 16240 --- [http-nio-9898-exec-5] c.d.dao.NoteDao.getAllNotesByCourse      : ==> Parameters: 3(Integer), 41(Integer)
2022-10-17 23:18:39.664 DEBUG 16240 --- [http-nio-9898-exec-2] c.d.dao.NoteDao.getAllNotesByCourse      : ==> Parameters: 3(Integer), 41(Integer)
2022-10-17 23:18:39.665 DEBUG 16240 --- [http-nio-9898-exec-5] c.d.dao.NoteDao.getAllNotesByCourse      : <==      Total: 0
2022-10-17 23:18:39.667 DEBUG 16240 --- [http-nio-9898-exec-2] c.d.dao.NoteDao.getAllNotesByCourse      : <==      Total: 0
2022-10-17 23:18:39.670 DEBUG 16240 --- [http-nio-9898-exec-6] c.d.dao.RemarkDao.getAllNotesByRemark    : ==>  Preparing: select micro.ml_remark.*,ml_user.username ,if(ml_remark.user_id =3,1,0) as me from micro.ml_remark , micro.ml_user where ml_remark.del = 0 and user_id = ml_user.id and course_id = ? order by id DESC limit 0,50; 
2022-10-17 23:18:39.671 DEBUG 16240 --- [http-nio-9898-exec-6] c.d.dao.RemarkDao.getAllNotesByRemark    : ==> Parameters: 41(Integer)
2022-10-17 23:18:39.672 DEBUG 16240 --- [http-nio-9898-exec-9] c.dzyown.dao.CourseTrainDao.getAllTrain  : ==>  Preparing: select * from micro.ml_course_train where del = 0 AND course_id = ?; 
2022-10-17 23:18:39.672 DEBUG 16240 --- [http-nio-9898-exec-9] c.dzyown.dao.CourseTrainDao.getAllTrain  : ==> Parameters: 41(Integer)
2022-10-17 23:18:39.674 DEBUG 16240 --- [http-nio-9898-exec-6] c.d.dao.RemarkDao.getAllNotesByRemark    : <==      Total: 0
2022-10-17 23:18:39.677 DEBUG 16240 --- [http-nio-9898-exec-9] c.dzyown.dao.CourseTrainDao.getAllTrain  : <==      Total: 3
2022-10-17 23:18:39.680 DEBUG 16240 --- [http-nio-9898-exec-3] com.dzyown.dao.CourseDao.getOneCourse    : ==>  Preparing: select * from micro.ml_course where id = ? and del = 0 ; 
2022-10-17 23:18:39.680 DEBUG 16240 --- [http-nio-9898-exec-3] com.dzyown.dao.CourseDao.getOneCourse    : ==> Parameters: 41(Integer)
2022-10-17 23:18:39.684 DEBUG 16240 --- [http-nio-9898-exec-3] com.dzyown.dao.CourseDao.getOneCourse    : <==      Total: 1
2022-10-17 23:18:39.684 DEBUG 16240 --- [http-nio-9898-exec-3] com.dzyown.dao.CourseDao.addOneStudy     : ==>  Preparing: update micro.ml_course set studying_count = studying_count + 1 where id = ? 
2022-10-17 23:18:39.688 DEBUG 16240 --- [http-nio-9898-exec-3] com.dzyown.dao.CourseDao.addOneStudy     : ==> Parameters: 41(Integer)
2022-10-17 23:18:39.779 DEBUG 16240 --- [http-nio-9898-exec-3] com.dzyown.dao.CourseDao.addOneStudy     : <==    Updates: 1
2022-10-17 23:18:50.462 DEBUG 16240 --- [http-nio-9898-exec-6] c.dzyown.dao.CourseDao.getMyLearnCourse  : ==>  Preparing: select ml_course.* ,ml_my_course.id as learn_id ,ml_my_course.start_time from micro.ml_course ,micro.ml_my_course where ml_course.del = 0 and ml_course.permission = 1 and ml_my_course.del =0 and ml_my_course.user_id = ? and ml_my_course.course_id = ml_course.id order by start_time DESC ; 
2022-10-17 23:18:50.463 DEBUG 16240 --- [http-nio-9898-exec-6] c.dzyown.dao.CourseDao.getMyLearnCourse  : ==> Parameters: 3(Integer)
2022-10-17 23:18:50.467 DEBUG 16240 --- [http-nio-9898-exec-6] c.dzyown.dao.CourseDao.getMyLearnCourse  : <==      Total: 4
2022-10-17 23:18:50.479 DEBUG 16240 --- [http-nio-9898-exec-7] c.dzyown.dao.CourseDao.getCourseByType   : ==>  Preparing: select * from micro.ml_course where del = 0 and permission = 1 AND type = ? order by studying_count DESC; 
2022-10-17 23:18:50.480 DEBUG 16240 --- [http-nio-9898-exec-7] c.dzyown.dao.CourseDao.getCourseByType   : ==> Parameters: 艺术(String)
2022-10-17 23:18:50.482 DEBUG 16240 --- [http-nio-9898-exec-7] c.dzyown.dao.CourseDao.getCourseByType   : <==      Total: 2
2022-10-17 23:18:50.483 DEBUG 16240 --- [http-nio-9898-exec-7] c.dzyown.dao.CourseDao.checkLearnCourse  : ==>  Preparing: select * from micro.ml_my_course where user_id = ? AND course_ID = ? and del =0; 
2022-10-17 23:18:50.483 DEBUG 16240 --- [http-nio-9898-exec-7] c.dzyown.dao.CourseDao.checkLearnCourse  : ==> Parameters: 3(Integer), 51(Integer)
2022-10-17 23:18:50.485 DEBUG 16240 --- [http-nio-9898-exec-7] c.dzyown.dao.CourseDao.checkLearnCourse  : <==      Total: 1
2022-10-17 23:18:50.485 DEBUG 16240 --- [http-nio-9898-exec-7] c.dzyown.dao.CourseDao.checkLearnCourse  : ==>  Preparing: select * from micro.ml_my_course where user_id = ? AND course_ID = ? and del =0; 
2022-10-17 23:18:50.486 DEBUG 16240 --- [http-nio-9898-exec-7] c.dzyown.dao.CourseDao.checkLearnCourse  : ==> Parameters: 3(Integer), 55(Integer)
2022-10-17 23:18:50.486 DEBUG 16240 --- [http-nio-9898-exec-7] c.dzyown.dao.CourseDao.checkLearnCourse  : <==      Total: 0
2022-10-17 23:18:52.379 DEBUG 16240 --- [http-nio-9898-exec-9] c.d.dao.NoteDao.getAllNotesByCourse      : ==>  Preparing: select ml_note.*,ml_user.username from micro.ml_note , micro.ml_user where ml_note.del = 0 and user_id = ml_user.id and user_id = ? and course_id = ? order by id DESC limit 0,25; 
2022-10-17 23:18:52.381 DEBUG 16240 --- [http-nio-9898-exec-9] c.d.dao.NoteDao.getAllNotesByCourse      : ==> Parameters: 3(Integer), 58(Integer)
2022-10-17 23:18:52.381 DEBUG 16240 --- [http-nio-9898-exec-7] c.d.dao.NoteDao.getAllNotesByCourse      : ==>  Preparing: SELECT ml_note.*,ml_note_collect.user_id as collect,ml_user.username FROM ml_note LEFT JOIN ml_user on ml_user.id = ml_note.user_id LEFT JOIN ml_note_collect on ml_note_collect.note_id = ml_note.id and ml_note_collect.del =0 and ml_note_collect.user_id = ? where course_id = ? and ml_note.del =0 LIMIT 25 
2022-10-17 23:18:52.382 DEBUG 16240 --- [http-nio-9898-exec-7] c.d.dao.NoteDao.getAllNotesByCourse      : ==> Parameters: 3(Integer), 58(Integer)
2022-10-17 23:18:52.386 DEBUG 16240 --- [http-nio-9898-exec-9] c.d.dao.NoteDao.getAllNotesByCourse      : <==      Total: 3
2022-10-17 23:18:52.387 DEBUG 16240 --- [http-nio-9898-exec-7] c.d.dao.NoteDao.getAllNotesByCourse      : <==      Total: 8
2022-10-17 23:18:52.396 DEBUG 16240 --- [http-nio-9898-exec-10] com.dzyown.dao.CourseDao.getOneCourse    : ==>  Preparing: select * from micro.ml_course where id = ? and del = 0 ; 
2022-10-17 23:18:52.396 DEBUG 16240 --- [http-nio-9898-exec-1] c.dzyown.dao.CourseTrainDao.getAllTrain  : ==>  Preparing: select * from micro.ml_course_train where del = 0 AND course_id = ?; 
2022-10-17 23:18:52.396 DEBUG 16240 --- [http-nio-9898-exec-3] c.d.dao.RemarkDao.getAllNotesByRemark    : ==>  Preparing: select micro.ml_remark.*,ml_user.username ,if(ml_remark.user_id =3,1,0) as me from micro.ml_remark , micro.ml_user where ml_remark.del = 0 and user_id = ml_user.id and course_id = ? order by id DESC limit 0,50; 
2022-10-17 23:18:52.397 DEBUG 16240 --- [http-nio-9898-exec-3] c.d.dao.RemarkDao.getAllNotesByRemark    : ==> Parameters: 58(Integer)
2022-10-17 23:18:52.397 DEBUG 16240 --- [http-nio-9898-exec-10] com.dzyown.dao.CourseDao.getOneCourse    : ==> Parameters: 58(Integer)
2022-10-17 23:18:52.398 DEBUG 16240 --- [http-nio-9898-exec-1] c.dzyown.dao.CourseTrainDao.getAllTrain  : ==> Parameters: 58(Integer)
2022-10-17 23:18:52.399 DEBUG 16240 --- [http-nio-9898-exec-3] c.d.dao.RemarkDao.getAllNotesByRemark    : <==      Total: 6
2022-10-17 23:18:52.400 DEBUG 16240 --- [http-nio-9898-exec-10] com.dzyown.dao.CourseDao.getOneCourse    : <==      Total: 1
2022-10-17 23:18:52.400 DEBUG 16240 --- [http-nio-9898-exec-10] com.dzyown.dao.CourseDao.addOneStudy     : ==>  Preparing: update micro.ml_course set studying_count = studying_count + 1 where id = ? 
2022-10-17 23:18:52.401 DEBUG 16240 --- [http-nio-9898-exec-10] com.dzyown.dao.CourseDao.addOneStudy     : ==> Parameters: 58(Integer)
2022-10-17 23:18:52.402 DEBUG 16240 --- [http-nio-9898-exec-1] c.dzyown.dao.CourseTrainDao.getAllTrain  : <==      Total: 3
2022-10-17 23:18:52.463 DEBUG 16240 --- [http-nio-9898-exec-10] com.dzyown.dao.CourseDao.addOneStudy     : <==    Updates: 1
2022-10-17 23:19:08.256 DEBUG 16240 --- [http-nio-9898-exec-10] c.dzyown.dao.CourseDao.getMyLearnCourse  : ==>  Preparing: select ml_course.* ,ml_my_course.id as learn_id ,ml_my_course.start_time from micro.ml_course ,micro.ml_my_course where ml_course.del = 0 and ml_course.permission = 1 and ml_my_course.del =0 and ml_my_course.user_id = ? and ml_my_course.course_id = ml_course.id order by start_time DESC ; 
2022-10-17 23:19:08.257 DEBUG 16240 --- [http-nio-9898-exec-10] c.dzyown.dao.CourseDao.getMyLearnCourse  : ==> Parameters: 3(Integer)
2022-10-17 23:19:08.260 DEBUG 16240 --- [http-nio-9898-exec-10] c.dzyown.dao.CourseDao.getMyLearnCourse  : <==      Total: 4
2022-10-17 23:19:08.270 DEBUG 16240 --- [http-nio-9898-exec-8] c.dzyown.dao.CourseDao.getCourseByType   : ==>  Preparing: select * from micro.ml_course where del = 0 and permission = 1 AND type = ? order by studying_count DESC; 
2022-10-17 23:19:08.273 DEBUG 16240 --- [http-nio-9898-exec-8] c.dzyown.dao.CourseDao.getCourseByType   : ==> Parameters: 艺术(String)
2022-10-17 23:19:08.275 DEBUG 16240 --- [http-nio-9898-exec-8] c.dzyown.dao.CourseDao.getCourseByType   : <==      Total: 2
2022-10-17 23:19:08.276 DEBUG 16240 --- [http-nio-9898-exec-8] c.dzyown.dao.CourseDao.checkLearnCourse  : ==>  Preparing: select * from micro.ml_my_course where user_id = ? AND course_ID = ? and del =0; 
2022-10-17 23:19:08.277 DEBUG 16240 --- [http-nio-9898-exec-8] c.dzyown.dao.CourseDao.checkLearnCourse  : ==> Parameters: 3(Integer), 51(Integer)
2022-10-17 23:19:08.278 DEBUG 16240 --- [http-nio-9898-exec-8] c.dzyown.dao.CourseDao.checkLearnCourse  : <==      Total: 1
2022-10-17 23:19:08.278 DEBUG 16240 --- [http-nio-9898-exec-8] c.dzyown.dao.CourseDao.checkLearnCourse  : ==>  Preparing: select * from micro.ml_my_course where user_id = ? AND course_ID = ? and del =0; 
2022-10-17 23:19:08.279 DEBUG 16240 --- [http-nio-9898-exec-8] c.dzyown.dao.CourseDao.checkLearnCourse  : ==> Parameters: 3(Integer), 55(Integer)
2022-10-17 23:19:08.279 DEBUG 16240 --- [http-nio-9898-exec-8] c.dzyown.dao.CourseDao.checkLearnCourse  : <==      Total: 0
2022-10-17 23:19:14.006 DEBUG 16240 --- [http-nio-9898-exec-9] com.dzyown.dao.CourseDao.getAllCourse    : ==>  Preparing: select * from micro.ml_course where del = 0 and permission = 1 order by studying_count DESC limit 0,8 
2022-10-17 23:19:14.007 DEBUG 16240 --- [http-nio-9898-exec-9] com.dzyown.dao.CourseDao.getAllCourse    : ==> Parameters: 
2022-10-17 23:19:14.010 DEBUG 16240 --- [http-nio-9898-exec-9] com.dzyown.dao.CourseDao.getAllCourse    : <==      Total: 8
2022-10-17 23:19:26.430 DEBUG 16240 --- [http-nio-9898-exec-8] com.dzyown.dao.CourseDao.chartCourse     : ==>  Preparing: select ml_course.type as name, sum(studying_count) as value from ml_course group by ml_course.type 
2022-10-17 23:19:26.432 DEBUG 16240 --- [http-nio-9898-exec-8] com.dzyown.dao.CourseDao.chartCourse     : ==> Parameters: 
2022-10-17 23:19:26.435 DEBUG 16240 --- [http-nio-9898-exec-8] com.dzyown.dao.CourseDao.chartCourse     : <==      Total: 8
2022-10-17 23:19:26.439 DEBUG 16240 --- [http-nio-9898-exec-2] c.dzyown.dao.CourseDao.chartLearnCourse  : ==>  Preparing: select ml_my_course.memo as time , COUNT(memo) as value from ml_my_course where user_id=? group by ml_my_course.memo ORDER BY memo DESC limit 5 
2022-10-17 23:19:26.440 DEBUG 16240 --- [http-nio-9898-exec-2] c.dzyown.dao.CourseDao.chartLearnCourse  : ==> Parameters: 3(Integer)
2022-10-17 23:19:26.441 DEBUG 16240 --- [http-nio-9898-exec-2] c.dzyown.dao.CourseDao.chartLearnCourse  : <==      Total: 5
2022-10-17 23:19:29.153 DEBUG 16240 --- [http-nio-9898-exec-9] com.dzyown.dao.UserDao.getUserById       : ==>  Preparing: select * from micro.ml_user where id = ? and del = 0 ; 
2022-10-17 23:19:29.153 DEBUG 16240 --- [http-nio-9898-exec-9] com.dzyown.dao.UserDao.getUserById       : ==> Parameters: 3(Integer)
2022-10-17 23:19:29.155 DEBUG 16240 --- [http-nio-9898-exec-9] com.dzyown.dao.UserDao.getUserById       : <==      Total: 1
2022-10-17 23:19:30.488 DEBUG 16240 --- [http-nio-9898-exec-9] com.dzyown.dao.CourseDao.chartCourse     : ==>  Preparing: select ml_course.type as name, sum(studying_count) as value from ml_course group by ml_course.type 
2022-10-17 23:19:30.488 DEBUG 16240 --- [http-nio-9898-exec-9] com.dzyown.dao.CourseDao.chartCourse     : ==> Parameters: 
2022-10-17 23:19:30.490 DEBUG 16240 --- [http-nio-9898-exec-9] com.dzyown.dao.CourseDao.chartCourse     : <==      Total: 8
2022-10-17 23:19:30.490 DEBUG 16240 --- [http-nio-9898-exec-7] c.dzyown.dao.CourseDao.chartLearnCourse  : ==>  Preparing: select ml_my_course.memo as time , COUNT(memo) as value from ml_my_course where user_id=? group by ml_my_course.memo ORDER BY memo DESC limit 5 
2022-10-17 23:19:30.491 DEBUG 16240 --- [http-nio-9898-exec-7] c.dzyown.dao.CourseDao.chartLearnCourse  : ==> Parameters: 3(Integer)
2022-10-17 23:19:30.493 DEBUG 16240 --- [http-nio-9898-exec-7] c.dzyown.dao.CourseDao.chartLearnCourse  : <==      Total: 5
2022-10-17 23:19:54.424 DEBUG 16240 --- [http-nio-9898-exec-7] c.dzyown.dao.CourseDao.getMyLearnCourse  : ==>  Preparing: select ml_course.* ,ml_my_course.id as learn_id ,ml_my_course.start_time from micro.ml_course ,micro.ml_my_course where ml_course.del = 0 and ml_course.permission = 1 and ml_my_course.del =0 and ml_my_course.user_id = ? and ml_my_course.course_id = ml_course.id order by start_time DESC ; 
2022-10-17 23:19:54.425 DEBUG 16240 --- [http-nio-9898-exec-7] c.dzyown.dao.CourseDao.getMyLearnCourse  : ==> Parameters: 3(Integer)
2022-10-17 23:19:54.429 DEBUG 16240 --- [http-nio-9898-exec-7] c.dzyown.dao.CourseDao.getMyLearnCourse  : <==      Total: 4
2022-10-17 23:19:54.439 DEBUG 16240 --- [http-nio-9898-exec-4] c.dzyown.dao.CourseDao.getCourseByType   : ==>  Preparing: select * from micro.ml_course where del = 0 and permission = 1 AND type = ? order by studying_count DESC; 
2022-10-17 23:19:54.440 DEBUG 16240 --- [http-nio-9898-exec-4] c.dzyown.dao.CourseDao.getCourseByType   : ==> Parameters: 艺术(String)
2022-10-17 23:19:54.506 DEBUG 16240 --- [http-nio-9898-exec-4] c.dzyown.dao.CourseDao.getCourseByType   : <==      Total: 2
2022-10-17 23:19:54.506 DEBUG 16240 --- [http-nio-9898-exec-4] c.dzyown.dao.CourseDao.checkLearnCourse  : ==>  Preparing: select * from micro.ml_my_course where user_id = ? AND course_ID = ? and del =0; 
2022-10-17 23:19:54.508 DEBUG 16240 --- [http-nio-9898-exec-4] c.dzyown.dao.CourseDao.checkLearnCourse  : ==> Parameters: 3(Integer), 51(Integer)
2022-10-17 23:19:54.510 DEBUG 16240 --- [http-nio-9898-exec-4] c.dzyown.dao.CourseDao.checkLearnCourse  : <==      Total: 1
2022-10-17 23:19:54.511 DEBUG 16240 --- [http-nio-9898-exec-4] c.dzyown.dao.CourseDao.checkLearnCourse  : ==>  Preparing: select * from micro.ml_my_course where user_id = ? AND course_ID = ? and del =0; 
2022-10-17 23:19:54.511 DEBUG 16240 --- [http-nio-9898-exec-4] c.dzyown.dao.CourseDao.checkLearnCourse  : ==> Parameters: 3(Integer), 55(Integer)
2022-10-17 23:19:54.511 DEBUG 16240 --- [http-nio-9898-exec-4] c.dzyown.dao.CourseDao.checkLearnCourse  : <==      Total: 0
2022-10-17 23:19:58.003 DEBUG 16240 --- [http-nio-9898-exec-6] com.dzyown.dao.CourseDao.getAllCourse    : ==>  Preparing: select * from micro.ml_course where del = 0 and permission = 1 order by studying_count DESC limit 0,8 
2022-10-17 23:19:58.004 DEBUG 16240 --- [http-nio-9898-exec-6] com.dzyown.dao.CourseDao.getAllCourse    : ==> Parameters: 
2022-10-17 23:19:58.026 DEBUG 16240 --- [http-nio-9898-exec-6] com.dzyown.dao.CourseDao.getAllCourse    : <==      Total: 8
2022-10-17 23:19:59.734 DEBUG 16240 --- [http-nio-9898-exec-6] com.dzyown.dao.UserDao.getUserById       : ==>  Preparing: select * from micro.ml_user where id = ? and del = 0 ; 
2022-10-17 23:19:59.734 DEBUG 16240 --- [http-nio-9898-exec-6] com.dzyown.dao.UserDao.getUserById       : ==> Parameters: 3(Integer)
2022-10-17 23:19:59.736 DEBUG 16240 --- [http-nio-9898-exec-6] com.dzyown.dao.UserDao.getUserById       : <==      Total: 1
2022-10-17 23:20:01.574 DEBUG 16240 --- [http-nio-9898-exec-1] com.dzyown.dao.NoteDao.getAllNotesUser   : ==>  Preparing: select ml_note.*, ml_course.title ,ml_course.author ,ml_course.cover_path ,ml_user.username from micro.ml_note ,ml_course ,ml_user where ml_note.del = 0 and ml_user.id = ml_note.user_id and ml_course.id = ml_note.course_id and ml_note.user_id = ? order by id DESC limit 0,50 
2022-10-17 23:20:01.575 DEBUG 16240 --- [http-nio-9898-exec-1] com.dzyown.dao.NoteDao.getAllNotesUser   : ==> Parameters: 3(Integer)
2022-10-17 23:20:01.578 DEBUG 16240 --- [http-nio-9898-exec-1] com.dzyown.dao.NoteDao.getAllNotesUser   : <==      Total: 11
2022-10-17 23:20:04.929 DEBUG 16240 --- [http-nio-9898-exec-10] com.dzyown.dao.UserDao.getUserById       : ==>  Preparing: select * from micro.ml_user where id = ? and del = 0 ; 
2022-10-17 23:20:04.929 DEBUG 16240 --- [http-nio-9898-exec-10] com.dzyown.dao.UserDao.getUserById       : ==> Parameters: 3(Integer)
2022-10-17 23:20:04.930 DEBUG 16240 --- [http-nio-9898-exec-10] com.dzyown.dao.UserDao.getUserById       : <==      Total: 1
2022-10-17 23:20:06.748 DEBUG 16240 --- [http-nio-9898-exec-6] c.d.dao.NoteDao.getCollectNotesUser      : ==>  Preparing: select ml_note_collect.id as collect_id,ml_note.*, ml_course.title ,ml_course.author ,ml_course.cover_path ,ml_user.username from micro.ml_note ,ml_course ,ml_user ,ml_note_collect where ml_note_collect.del = 0 and ml_user.id = ml_note.user_id and ml_course.id = ml_note.course_id and ml_note.id = ml_note_collect.note_id and ml_note_collect.user_id = ? order by collect_id DESC limit 0,50 
2022-10-17 23:20:06.750 DEBUG 16240 --- [http-nio-9898-exec-6] c.d.dao.NoteDao.getCollectNotesUser      : ==> Parameters: 3(Integer)
2022-10-17 23:20:06.752 DEBUG 16240 --- [http-nio-9898-exec-6] c.d.dao.NoteDao.getCollectNotesUser      : <==      Total: 5
2022-10-17 23:20:08.216 DEBUG 16240 --- [http-nio-9898-exec-7] com.dzyown.dao.UserDao.getUserById       : ==>  Preparing: select * from micro.ml_user where id = ? and del = 0 ; 
2022-10-17 23:20:08.216 DEBUG 16240 --- [http-nio-9898-exec-7] com.dzyown.dao.UserDao.getUserById       : ==> Parameters: 3(Integer)
2022-10-17 23:20:08.218 DEBUG 16240 --- [http-nio-9898-exec-7] com.dzyown.dao.UserDao.getUserById       : <==      Total: 1
2022-10-17 23:20:14.034 DEBUG 16240 --- [http-nio-9898-exec-7] com.dzyown.dao.UserDao.getUserById       : ==>  Preparing: select * from micro.ml_user where id = ? and del = 0 ; 
2022-10-17 23:20:14.034 DEBUG 16240 --- [http-nio-9898-exec-7] com.dzyown.dao.UserDao.getUserById       : ==> Parameters: 3(Integer)
2022-10-17 23:20:14.035 DEBUG 16240 --- [http-nio-9898-exec-7] com.dzyown.dao.UserDao.getUserById       : <==      Total: 1
2022-10-17 23:20:15.392 DEBUG 16240 --- [http-nio-9898-exec-4] com.dzyown.dao.UserDao.getUserById       : ==>  Preparing: select * from micro.ml_user where id = ? and del = 0 ; 
2022-10-17 23:20:15.392 DEBUG 16240 --- [http-nio-9898-exec-4] com.dzyown.dao.UserDao.getUserById       : ==> Parameters: 3(Integer)
2022-10-17 23:20:15.393 DEBUG 16240 --- [http-nio-9898-exec-4] com.dzyown.dao.UserDao.getUserById       : <==      Total: 1
2022-10-17 23:20:33.984 DEBUG 16240 --- [http-nio-9898-exec-10] com.dzyown.dao.UserDao.getUserById       : ==>  Preparing: select * from micro.ml_user where id = ? and del = 0 ; 
2022-10-17 23:20:33.985 DEBUG 16240 --- [http-nio-9898-exec-10] com.dzyown.dao.UserDao.getUserById       : ==> Parameters: 3(Integer)
2022-10-17 23:20:33.989 DEBUG 16240 --- [http-nio-9898-exec-10] com.dzyown.dao.UserDao.getUserById       : <==      Total: 1
